2025/07/27 11:34:45 API resource: {Name:clusterrolebindings SingularName:clusterrolebinding Namespaced:false Group: Version: Kind:ClusterRoleBinding Verbs:[create delete deletecollection get list patch update watch] ShortNames:[] Categories:[] StorageVersionHash:}
2025/07/27 11:34:45 API resource: {Name:clusterroles SingularName:clusterrole Namespaced:false Group: Version: Kind:ClusterRole Verbs:[create delete deletecollection get list patch update watch] ShortNames:[] Categories:[] StorageVersionHash:}
2025/07/27 11:34:45 API resource: {Name:rolebindings SingularName:rolebinding Namespaced:true Group: Version: Kind:RoleBinding Verbs:[create delete deletecollection get list patch update watch] ShortNames:[] Categories:[] StorageVersionHash:}
2025/07/27 11:34:45 API resource: {Name:roles SingularName:role Namespaced:true Group: Version: Kind:Role Verbs:[create delete deletecollection get list patch update watch] ShortNames:[] Categories:[] StorageVersionHash:}
2025/07/27 11:34:45 API resource: {Name:endpointslices SingularName:endpointslice Namespaced:true Group: Version: Kind:EndpointSlice Verbs:[create delete deletecollection get list patch update watch] ShortNames:[] Categories:[] StorageVersionHash:}
2025/07/27 11:34:45 API resource: {Name:priorityclasses SingularName:priorityclass Namespaced:false Group: Version: Kind:PriorityClass Verbs:[create delete deletecollection get list patch update watch] ShortNames:[pc] Categories:[] StorageVersionHash:}
2025/07/27 11:34:45 API resource: {Name:leases SingularName:lease Namespaced:true Group: Version: Kind:Lease Verbs:[create delete deletecollection get list patch update watch] ShortNames:[] Categories:[] StorageVersionHash:}
2025/07/27 11:34:45 API resource: {Name:flowschemas SingularName:flowschema Namespaced:false Group: Version: Kind:FlowSchema Verbs:[create delete deletecollection get list patch update watch] ShortNames:[] Categories:[] StorageVersionHash:}
2025/07/27 11:34:45 API resource: {Name:flowschemas/status SingularName:flowschema Namespaced:false Group: Version: Kind:FlowSchema Verbs:[get patch update] ShortNames:[] Categories:[] StorageVersionHash:}
2025/07/27 11:34:45 API resource: {Name:prioritylevelconfigurations SingularName:prioritylevelconfiguration Namespaced:false Group: Version: Kind:PriorityLevelConfiguration Verbs:[create delete deletecollection get list patch update watch] ShortNames:[] Categories:[] StorageVersionHash:}
2025/07/27 11:34:45 API resource: {Name:prioritylevelconfigurations/status SingularName:prioritylevelconfiguration Namespaced:false Group: Version: Kind:PriorityLevelConfiguration Verbs:[get patch update] ShortNames:[] Categories:[] StorageVersionHash:}
2025/07/27 11:34:45 API resource: {Name:selfsubjectreviews SingularName:selfsubjectreview Namespaced:false Group: Version: Kind:SelfSubjectReview Verbs:[create] ShortNames:[] Categories:[] StorageVersionHash:}
2025/07/27 11:34:45 API resource: {Name:tokenreviews SingularName:tokenreview Namespaced:false Group: Version: Kind:TokenReview Verbs:[create] ShortNames:[] Categories:[] StorageVersionHash:}
2025/07/27 11:34:45 API resource: {Name:customresourcedefinitions SingularName:customresourcedefinition Namespaced:false Group: Version: Kind:CustomResourceDefinition Verbs:[create delete deletecollection get list patch update watch] ShortNames:[crd crds] Categories:[api-extensions] StorageVersionHash:}
2025/07/27 11:34:45 API resource: {Name:customresourcedefinitions/status SingularName:customresourcedefinition Namespaced:false Group: Version: Kind:CustomResourceDefinition Verbs:[get patch update] ShortNames:[] Categories:[] StorageVersionHash:}
2025/07/27 11:34:45 API resource: {Name:events SingularName:event Namespaced:true Group: Version: Kind:Event Verbs:[create delete deletecollection get list patch update watch] ShortNames:[ev] Categories:[] StorageVersionHash:}
2025/07/27 11:34:45 API resource: {Name:bgpconfigurations SingularName: Namespaced:false Group: Version: Kind:BGPConfiguration Verbs:[create delete deletecollection get list patch update watch] ShortNames:[bgpconfig bgpconfigs] Categories:[] StorageVersionHash:}
2025/07/27 11:34:45 API resource: {Name:bgpfilters SingularName: Namespaced:false Group: Version: Kind:BGPFilter Verbs:[create delete deletecollection get list patch update watch] ShortNames:[] Categories:[] StorageVersionHash:}
2025/07/27 11:34:45 API resource: {Name:bgppeers SingularName: Namespaced:false Group: Version: Kind:BGPPeer Verbs:[create delete deletecollection get list patch update watch] ShortNames:[] Categories:[] StorageVersionHash:}
2025/07/27 11:34:45 API resource: {Name:blockaffinities SingularName: Namespaced:false Group: Version: Kind:BlockAffinity Verbs:[create delete deletecollection get list patch update watch] ShortNames:[blockaffinity affinity affinities] Categories:[] StorageVersionHash:}
2025/07/27 11:34:45 API resource: {Name:caliconodestatuses SingularName: Namespaced:false Group: Version: Kind:CalicoNodeStatus Verbs:[create delete deletecollection get list patch update watch] ShortNames:[caliconodestatus] Categories:[] StorageVersionHash:}
2025/07/27 11:34:45 API resource: {Name:clusterinformations SingularName: Namespaced:false Group: Version: Kind:ClusterInformation Verbs:[create delete deletecollection get list patch update watch] ShortNames:[clusterinfo] Categories:[] StorageVersionHash:}
2025/07/27 11:34:45 API resource: {Name:felixconfigurations SingularName: Namespaced:false Group: Version: Kind:FelixConfiguration Verbs:[create delete deletecollection get list patch update watch] ShortNames:[felixconfig felixconfigs] Categories:[] StorageVersionHash:}
2025/07/27 11:34:45 API resource: {Name:globalnetworkpolicies SingularName: Namespaced:false Group: Version: Kind:GlobalNetworkPolicy Verbs:[create delete deletecollection get list patch update watch] ShortNames:[gnp cgnp calicoglobalnetworkpolicies] Categories:[] StorageVersionHash:}
2025/07/27 11:34:45 API resource: {Name:globalnetworksets SingularName: Namespaced:false Group: Version: Kind:GlobalNetworkSet Verbs:[create delete deletecollection get list patch update watch] ShortNames:[] Categories:[] StorageVersionHash:}
2025/07/27 11:34:45 API resource: {Name:hostendpoints SingularName: Namespaced:false Group: Version: Kind:HostEndpoint Verbs:[create delete deletecollection get list patch update watch] ShortNames:[hep heps] Categories:[] StorageVersionHash:}
2025/07/27 11:34:45 API resource: {Name:ipamconfigurations SingularName: Namespaced:false Group: Version: Kind:IPAMConfiguration Verbs:[create delete deletecollection get list patch update watch] ShortNames:[ipamconfig] Categories:[] StorageVersionHash:}
2025/07/27 11:34:45 API resource: {Name:ippools SingularName: Namespaced:false Group: Version: Kind:IPPool Verbs:[create delete deletecollection get list patch update watch] ShortNames:[] Categories:[] StorageVersionHash:}
2025/07/27 11:34:45 API resource: {Name:ipreservations SingularName: Namespaced:false Group: Version: Kind:IPReservation Verbs:[create delete deletecollection get list patch update watch] ShortNames:[] Categories:[] StorageVersionHash:}
2025/07/27 11:34:45 API resource: {Name:kubecontrollersconfigurations SingularName: Namespaced:false Group: Version: Kind:KubeControllersConfiguration Verbs:[create delete deletecollection get list patch update watch] ShortNames:[kcconfig] Categories:[] StorageVersionHash:}
2025/07/27 11:34:45 API resource: {Name:kubecontrollersconfigurations/status SingularName: Namespaced:false Group: Version: Kind:KubeControllersConfiguration Verbs:[get patch update] ShortNames:[] Categories:[] StorageVersionHash:}
2025/07/27 11:34:45 API resource: {Name:networkpolicies SingularName: Namespaced:true Group: Version: Kind:NetworkPolicy Verbs:[create delete deletecollection get list patch update watch] ShortNames:[cnp caliconetworkpolicy caliconetworkpolicies] Categories:[] StorageVersionHash:}
2025/07/27 11:34:45 API resource: {Name:networksets SingularName: Namespaced:true Group: Version: Kind:NetworkSet Verbs:[create delete deletecollection get list patch update watch] ShortNames:[netsets] Categories:[] StorageVersionHash:}
2025/07/27 11:34:45 API resource: {Name:profiles SingularName: Namespaced:false Group: Version: Kind:Profile Verbs:[create delete deletecollection get list patch update watch] ShortNames:[] Categories:[] StorageVersionHash:}
2025/07/27 11:34:45 API resource: {Name:tiers SingularName: Namespaced:false Group: Version: Kind:Tier Verbs:[create delete deletecollection get list patch update watch] ShortNames:[] Categories:[] StorageVersionHash:}
2025/07/27 11:34:45 API resource: {Name:bgpconfigurations SingularName:bgpconfiguration Namespaced:false Group:crd.projectcalico.org Version:v1 Kind:BGPConfiguration Verbs:[delete deletecollection get list patch create update watch] ShortNames:[] Categories:[] StorageVersionHash:}
2025/07/27 11:34:45 API resource: {Name:bgpfilters SingularName:bgpfilter Namespaced:false Group:crd.projectcalico.org Version:v1 Kind:BGPFilter Verbs:[delete deletecollection get list patch create update watch] ShortNames:[] Categories:[] StorageVersionHash:}
2025/07/27 11:34:45 API resource: {Name:bgppeers SingularName:bgppeer Namespaced:false Group:crd.projectcalico.org Version:v1 Kind:BGPPeer Verbs:[delete deletecollection get list patch create update watch] ShortNames:[] Categories:[] StorageVersionHash:}
2025/07/27 11:34:45 API resource: {Name:blockaffinities SingularName:blockaffinity Namespaced:false Group:crd.projectcalico.org Version:v1 Kind:BlockAffinity Verbs:[delete deletecollection get list patch create update watch] ShortNames:[] Categories:[] StorageVersionHash:}
2025/07/27 11:34:45 API resource: {Name:caliconodestatuses SingularName:caliconodestatus Namespaced:false Group:crd.projectcalico.org Version:v1 Kind:CalicoNodeStatus Verbs:[delete deletecollection get list patch create update watch] ShortNames:[] Categories:[] StorageVersionHash:}
2025/07/27 11:34:45 API resource: {Name:clusterinformations SingularName:clusterinformation Namespaced:false Group:crd.projectcalico.org Version:v1 Kind:ClusterInformation Verbs:[delete deletecollection get list patch create update watch] ShortNames:[] Categories:[] StorageVersionHash:}
2025/07/27 11:34:45 API resource: {Name:felixconfigurations SingularName:felixconfiguration Namespaced:false Group:crd.projectcalico.org Version:v1 Kind:FelixConfiguration Verbs:[delete deletecollection get list patch create update watch] ShortNames:[] Categories:[] StorageVersionHash:}
2025/07/27 11:34:45 API resource: {Name:globalnetworkpolicies SingularName:globalnetworkpolicy Namespaced:false Group:crd.projectcalico.org Version:v1 Kind:GlobalNetworkPolicy Verbs:[delete deletecollection get list patch create update watch] ShortNames:[] Categories:[] StorageVersionHash:}
2025/07/27 11:34:45 API resource: {Name:globalnetworksets SingularName:globalnetworkset Namespaced:false Group:crd.projectcalico.org Version:v1 Kind:GlobalNetworkSet Verbs:[delete deletecollection get list patch create update watch] ShortNames:[] Categories:[] StorageVersionHash:}
2025/07/27 11:34:45 API resource: {Name:hostendpoints SingularName:hostendpoint Namespaced:false Group:crd.projectcalico.org Version:v1 Kind:HostEndpoint Verbs:[delete deletecollection get list patch create update watch] ShortNames:[] Categories:[] StorageVersionHash:}
2025/07/27 11:34:45 API resource: {Name:ipamblocks SingularName:ipamblock Namespaced:false Group:crd.projectcalico.org Version:v1 Kind:IPAMBlock Verbs:[delete deletecollection get list patch create update watch] ShortNames:[] Categories:[] StorageVersionHash:}
2025/07/27 11:34:45 API resource: {Name:ipamconfigs SingularName:ipamconfig Namespaced:false Group:crd.projectcalico.org Version:v1 Kind:IPAMConfig Verbs:[delete deletecollection get list patch create update watch] ShortNames:[] Categories:[] StorageVersionHash:}
2025/07/27 11:34:45 API resource: {Name:ipamhandles SingularName:ipamhandle Namespaced:false Group:crd.projectcalico.org Version:v1 Kind:IPAMHandle Verbs:[delete deletecollection get list patch create update watch] ShortNames:[] Categories:[] StorageVersionHash:}
2025/07/27 11:34:45 API resource: {Name:ippools SingularName:ippool Namespaced:false Group:crd.projectcalico.org Version:v1 Kind:IPPool Verbs:[delete deletecollection get list patch create update watch] ShortNames:[] Categories:[] StorageVersionHash:}
2025/07/27 11:34:45 API resource: {Name:ipreservations SingularName:ipreservation Namespaced:false Group:crd.projectcalico.org Version:v1 Kind:IPReservation Verbs:[delete deletecollection get list patch create update watch] ShortNames:[] Categories:[] StorageVersionHash:}
2025/07/27 11:34:45 API resource: {Name:kubecontrollersconfigurations SingularName:kubecontrollersconfiguration Namespaced:false Group:crd.projectcalico.org Version:v1 Kind:KubeControllersConfiguration Verbs:[delete deletecollection get list patch create update watch] ShortNames:[] Categories:[] StorageVersionHash:}
2025/07/27 11:34:45 API resource: {Name:networkpolicies SingularName:networkpolicy Namespaced:true Group:crd.projectcalico.org Version:v1 Kind:NetworkPolicy Verbs:[delete deletecollection get list patch create update watch] ShortNames:[] Categories:[] StorageVersionHash:}
2025/07/27 11:34:45 API resource: {Name:networksets SingularName:networkset Namespaced:true Group:crd.projectcalico.org Version:v1 Kind:NetworkSet Verbs:[delete deletecollection get list patch create update watch] ShortNames:[] Categories:[] StorageVersionHash:}
2025/07/27 11:34:45 API resource: {Name:tiers SingularName:tier Namespaced:false Group:crd.projectcalico.org Version:v1 Kind:Tier Verbs:[delete deletecollection get list patch create update watch] ShortNames:[] Categories:[] StorageVersionHash:}
2025/07/27 11:34:45 API resource: {Name:adminnetworkpolicies SingularName:adminnetworkpolicy Namespaced:false Group:policy.networking.k8s.io Version:v1alpha1 Kind:AdminNetworkPolicy Verbs:[delete deletecollection get list patch create update watch] ShortNames:[anp] Categories:[] StorageVersionHash:}
2025/07/27 11:34:45 API resource: {Name:adminnetworkpolicies/status SingularName:adminnetworkpolicy Namespaced:false Group:policy.networking.k8s.io Version:v1alpha1 Kind:AdminNetworkPolicy Verbs:[get patch update] ShortNames:[] Categories:[] StorageVersionHash:}
2025/07/27 11:34:45 API resource: {Name:mutatingwebhookconfigurations SingularName:mutatingwebhookconfiguration Namespaced:false Group: Version: Kind:MutatingWebhookConfiguration Verbs:[create delete deletecollection get list patch update watch] ShortNames:[] Categories:[api-extensions] StorageVersionHash:}
2025/07/27 11:34:45 API resource: {Name:validatingadmissionpolicies SingularName:validatingadmissionpolicy Namespaced:false Group: Version: Kind:ValidatingAdmissionPolicy Verbs:[create delete deletecollection get list patch update watch] ShortNames:[] Categories:[api-extensions] StorageVersionHash:}
2025/07/27 11:34:45 API resource: {Name:validatingadmissionpolicies/status SingularName:validatingadmissionpolicy Namespaced:false Group: Version: Kind:ValidatingAdmissionPolicy Verbs:[get patch update] ShortNames:[] Categories:[] StorageVersionHash:}
2025/07/27 11:34:45 API resource: {Name:validatingadmissionpolicybindings SingularName:validatingadmissionpolicybinding Namespaced:false Group: Version: Kind:ValidatingAdmissionPolicyBinding Verbs:[create delete deletecollection get list patch update watch] ShortNames:[] Categories:[api-extensions] StorageVersionHash:}
2025/07/27 11:34:45 API resource: {Name:validatingwebhookconfigurations SingularName:validatingwebhookconfiguration Namespaced:false Group: Version: Kind:ValidatingWebhookConfiguration Verbs:[create delete deletecollection get list patch update watch] ShortNames:[] Categories:[api-extensions] StorageVersionHash:}
2025/07/27 11:34:45 API resource: {Name:horizontalpodautoscalers SingularName:horizontalpodautoscaler Namespaced:true Group: Version: Kind:HorizontalPodAutoscaler Verbs:[create delete deletecollection get list patch update watch] ShortNames:[hpa] Categories:[all] StorageVersionHash:}
2025/07/27 11:34:45 API resource: {Name:horizontalpodautoscalers/status SingularName:horizontalpodautoscaler Namespaced:true Group: Version: Kind:HorizontalPodAutoscaler Verbs:[get patch update] ShortNames:[] Categories:[] StorageVersionHash:}
2025/07/27 11:34:45 API resource: {Name:ingressclasses SingularName:ingressclass Namespaced:false Group: Version: Kind:IngressClass Verbs:[create delete deletecollection get list patch update watch] ShortNames:[] Categories:[] StorageVersionHash:}
2025/07/27 11:34:45 API resource: {Name:ingresses SingularName:ingress Namespaced:true Group: Version: Kind:Ingress Verbs:[create delete deletecollection get list patch update watch] ShortNames:[ing] Categories:[] StorageVersionHash:}
2025/07/27 11:34:45 API resource: {Name:ingresses/status SingularName:ingress Namespaced:true Group: Version: Kind:Ingress Verbs:[get patch update] ShortNames:[] Categories:[] StorageVersionHash:}
2025/07/27 11:34:45 API resource: {Name:networkpolicies SingularName:networkpolicy Namespaced:true Group: Version: Kind:NetworkPolicy Verbs:[create delete deletecollection get list patch update watch] ShortNames:[netpol] Categories:[] StorageVersionHash:}
2025/07/27 11:34:45 API resource: {Name:controllerrevisions SingularName:controllerrevision Namespaced:true Group: Version: Kind:ControllerRevision Verbs:[create delete deletecollection get list patch update watch] ShortNames:[] Categories:[] StorageVersionHash:}
2025/07/27 11:34:45 API resource: {Name:daemonsets SingularName:daemonset Namespaced:true Group: Version: Kind:DaemonSet Verbs:[create delete deletecollection get list patch update watch] ShortNames:[ds] Categories:[all] StorageVersionHash:}
2025/07/27 11:34:45 API resource: {Name:daemonsets/status SingularName:daemonset Namespaced:true Group: Version: Kind:DaemonSet Verbs:[get patch update] ShortNames:[] Categories:[] StorageVersionHash:}
2025/07/27 11:34:45 API resource: {Name:deployments SingularName:deployment Namespaced:true Group: Version: Kind:Deployment Verbs:[create delete deletecollection get list patch update watch] ShortNames:[deploy] Categories:[all] StorageVersionHash:}
2025/07/27 11:34:45 API resource: {Name:deployments/scale SingularName:deployment Namespaced:true Group:autoscaling Version:v1 Kind:Scale Verbs:[get patch update] ShortNames:[] Categories:[] StorageVersionHash:}
2025/07/27 11:34:45 API resource: {Name:deployments/status SingularName:deployment Namespaced:true Group: Version: Kind:Deployment Verbs:[get patch update] ShortNames:[] Categories:[] StorageVersionHash:}
2025/07/27 11:34:45 API resource: {Name:replicasets SingularName:replicaset Namespaced:true Group: Version: Kind:ReplicaSet Verbs:[create delete deletecollection get list patch update watch] ShortNames:[rs] Categories:[all] StorageVersionHash:}
2025/07/27 11:34:45 API resource: {Name:replicasets/scale SingularName:replicaset Namespaced:true Group:autoscaling Version:v1 Kind:Scale Verbs:[get patch update] ShortNames:[] Categories:[] StorageVersionHash:}
2025/07/27 11:34:45 API resource: {Name:replicasets/status SingularName:replicaset Namespaced:true Group: Version: Kind:ReplicaSet Verbs:[get patch update] ShortNames:[] Categories:[] StorageVersionHash:}
2025/07/27 11:34:45 API resource: {Name:statefulsets SingularName:statefulset Namespaced:true Group: Version: Kind:StatefulSet Verbs:[create delete deletecollection get list patch update watch] ShortNames:[sts] Categories:[all] StorageVersionHash:}
2025/07/27 11:34:45 API resource: {Name:statefulsets/scale SingularName:statefulset Namespaced:true Group:autoscaling Version:v1 Kind:Scale Verbs:[get patch update] ShortNames:[] Categories:[] StorageVersionHash:}
2025/07/27 11:34:45 API resource: {Name:statefulsets/status SingularName:statefulset Namespaced:true Group: Version: Kind:StatefulSet Verbs:[get patch update] ShortNames:[] Categories:[] StorageVersionHash:}
2025/07/27 11:34:45 API resource: {Name:cronjobs SingularName:cronjob Namespaced:true Group: Version: Kind:CronJob Verbs:[create delete deletecollection get list patch update watch] ShortNames:[cj] Categories:[all] StorageVersionHash:}
2025/07/27 11:34:45 API resource: {Name:cronjobs/status SingularName:cronjob Namespaced:true Group: Version: Kind:CronJob Verbs:[get patch update] ShortNames:[] Categories:[] StorageVersionHash:}
2025/07/27 11:34:45 API resource: {Name:jobs SingularName:job Namespaced:true Group: Version: Kind:Job Verbs:[create delete deletecollection get list patch update watch] ShortNames:[] Categories:[all] StorageVersionHash:}
2025/07/27 11:34:45 API resource: {Name:jobs/status SingularName:job Namespaced:true Group: Version: Kind:Job Verbs:[get patch update] ShortNames:[] Categories:[] StorageVersionHash:}
2025/07/27 11:34:45 API resource: {Name:bindings SingularName:binding Namespaced:true Group: Version: Kind:Binding Verbs:[create] ShortNames:[] Categories:[] StorageVersionHash:}
2025/07/27 11:34:45 API resource: {Name:componentstatuses SingularName:componentstatus Namespaced:false Group: Version: Kind:ComponentStatus Verbs:[get list] ShortNames:[cs] Categories:[] StorageVersionHash:}
2025/07/27 11:34:45 API resource: {Name:configmaps SingularName:configmap Namespaced:true Group: Version: Kind:ConfigMap Verbs:[create delete deletecollection get list patch update watch] ShortNames:[cm] Categories:[] StorageVersionHash:}
2025/07/27 11:34:45 API resource: {Name:endpoints SingularName:endpoints Namespaced:true Group: Version: Kind:Endpoints Verbs:[create delete deletecollection get list patch update watch] ShortNames:[ep] Categories:[] StorageVersionHash:}
2025/07/27 11:34:45 API resource: {Name:events SingularName:event Namespaced:true Group: Version: Kind:Event Verbs:[create delete deletecollection get list patch update watch] ShortNames:[ev] Categories:[] StorageVersionHash:}
2025/07/27 11:34:45 API resource: {Name:limitranges SingularName:limitrange Namespaced:true Group: Version: Kind:LimitRange Verbs:[create delete deletecollection get list patch update watch] ShortNames:[limits] Categories:[] StorageVersionHash:}
2025/07/27 11:34:45 API resource: {Name:namespaces SingularName:namespace Namespaced:false Group: Version: Kind:Namespace Verbs:[create delete get list patch update watch] ShortNames:[ns] Categories:[] StorageVersionHash:}
2025/07/27 11:34:45 API resource: {Name:namespaces/finalize SingularName:namespace Namespaced:false Group: Version: Kind:Namespace Verbs:[update] ShortNames:[] Categories:[] StorageVersionHash:}
2025/07/27 11:34:45 API resource: {Name:namespaces/status SingularName:namespace Namespaced:false Group: Version: Kind:Namespace Verbs:[get patch update] ShortNames:[] Categories:[] StorageVersionHash:}
2025/07/27 11:34:45 API resource: {Name:nodes SingularName:node Namespaced:false Group: Version: Kind:Node Verbs:[create delete deletecollection get list patch update watch] ShortNames:[no] Categories:[] StorageVersionHash:}
2025/07/27 11:34:45 API resource: {Name:nodes/proxy SingularName:node Namespaced:false Group: Version: Kind:NodeProxyOptions Verbs:[create delete get patch update] ShortNames:[] Categories:[] StorageVersionHash:}
2025/07/27 11:34:45 API resource: {Name:nodes/status SingularName:node Namespaced:false Group: Version: Kind:Node Verbs:[get patch update] ShortNames:[] Categories:[] StorageVersionHash:}
2025/07/27 11:34:45 API resource: {Name:persistentvolumeclaims SingularName:persistentvolumeclaim Namespaced:true Group: Version: Kind:PersistentVolumeClaim Verbs:[create delete deletecollection get list patch update watch] ShortNames:[pvc] Categories:[] StorageVersionHash:}
2025/07/27 11:34:45 API resource: {Name:persistentvolumeclaims/status SingularName:persistentvolumeclaim Namespaced:true Group: Version: Kind:PersistentVolumeClaim Verbs:[get patch update] ShortNames:[] Categories:[] StorageVersionHash:}
2025/07/27 11:34:45 API resource: {Name:persistentvolumes SingularName:persistentvolume Namespaced:false Group: Version: Kind:PersistentVolume Verbs:[create delete deletecollection get list patch update watch] ShortNames:[pv] Categories:[] StorageVersionHash:}
2025/07/27 11:34:45 API resource: {Name:persistentvolumes/status SingularName:persistentvolume Namespaced:false Group: Version: Kind:PersistentVolume Verbs:[get patch update] ShortNames:[] Categories:[] StorageVersionHash:}
2025/07/27 11:34:45 API resource: {Name:pods SingularName:pod Namespaced:true Group: Version: Kind:Pod Verbs:[create delete deletecollection get list patch update watch] ShortNames:[po] Categories:[all] StorageVersionHash:}
2025/07/27 11:34:45 API resource: {Name:pods/attach SingularName:pod Namespaced:true Group: Version: Kind:PodAttachOptions Verbs:[create get] ShortNames:[] Categories:[] StorageVersionHash:}
2025/07/27 11:34:45 API resource: {Name:pods/binding SingularName:pod Namespaced:true Group: Version: Kind:Binding Verbs:[create] ShortNames:[] Categories:[] StorageVersionHash:}
2025/07/27 11:34:45 API resource: {Name:pods/ephemeralcontainers SingularName:pod Namespaced:true Group: Version: Kind:Pod Verbs:[get patch update] ShortNames:[] Categories:[] StorageVersionHash:}
2025/07/27 11:34:45 API resource: {Name:pods/eviction SingularName:pod Namespaced:true Group:policy Version:v1 Kind:Eviction Verbs:[create] ShortNames:[] Categories:[] StorageVersionHash:}
2025/07/27 11:34:45 API resource: {Name:pods/exec SingularName:pod Namespaced:true Group: Version: Kind:PodExecOptions Verbs:[create get] ShortNames:[] Categories:[] StorageVersionHash:}
2025/07/27 11:34:45 API resource: {Name:pods/log SingularName:pod Namespaced:true Group: Version: Kind:Pod Verbs:[get] ShortNames:[] Categories:[] StorageVersionHash:}
2025/07/27 11:34:45 API resource: {Name:pods/portforward SingularName:pod Namespaced:true Group: Version: Kind:PodPortForwardOptions Verbs:[create get] ShortNames:[] Categories:[] StorageVersionHash:}
2025/07/27 11:34:45 API resource: {Name:pods/proxy SingularName:pod Namespaced:true Group: Version: Kind:PodProxyOptions Verbs:[create delete get patch update] ShortNames:[] Categories:[] StorageVersionHash:}
2025/07/27 11:34:45 API resource: {Name:pods/status SingularName:pod Namespaced:true Group: Version: Kind:Pod Verbs:[get patch update] ShortNames:[] Categories:[] StorageVersionHash:}
2025/07/27 11:34:45 API resource: {Name:podtemplates SingularName:podtemplate Namespaced:true Group: Version: Kind:PodTemplate Verbs:[create delete deletecollection get list patch update watch] ShortNames:[] Categories:[] StorageVersionHash:}
2025/07/27 11:34:45 API resource: {Name:replicationcontrollers SingularName:replicationcontroller Namespaced:true Group: Version: Kind:ReplicationController Verbs:[create delete deletecollection get list patch update watch] ShortNames:[rc] Categories:[all] StorageVersionHash:}
2025/07/27 11:34:45 API resource: {Name:replicationcontrollers/scale SingularName:replicationcontroller Namespaced:true Group:autoscaling Version:v1 Kind:Scale Verbs:[get patch update] ShortNames:[] Categories:[] StorageVersionHash:}
2025/07/27 11:34:45 API resource: {Name:replicationcontrollers/status SingularName:replicationcontroller Namespaced:true Group: Version: Kind:ReplicationController Verbs:[get patch update] ShortNames:[] Categories:[] StorageVersionHash:}
2025/07/27 11:34:45 API resource: {Name:resourcequotas SingularName:resourcequota Namespaced:true Group: Version: Kind:ResourceQuota Verbs:[create delete deletecollection get list patch update watch] ShortNames:[quota] Categories:[] StorageVersionHash:}
2025/07/27 11:34:45 API resource: {Name:resourcequotas/status SingularName:resourcequota Namespaced:true Group: Version: Kind:ResourceQuota Verbs:[get patch update] ShortNames:[] Categories:[] StorageVersionHash:}
2025/07/27 11:34:45 API resource: {Name:secrets SingularName:secret Namespaced:true Group: Version: Kind:Secret Verbs:[create delete deletecollection get list patch update watch] ShortNames:[] Categories:[] StorageVersionHash:}
2025/07/27 11:34:45 API resource: {Name:serviceaccounts SingularName:serviceaccount Namespaced:true Group: Version: Kind:ServiceAccount Verbs:[create delete deletecollection get list patch update watch] ShortNames:[sa] Categories:[] StorageVersionHash:}
2025/07/27 11:34:45 API resource: {Name:serviceaccounts/token SingularName:serviceaccount Namespaced:true Group:authentication.k8s.io Version:v1 Kind:TokenRequest Verbs:[create] ShortNames:[] Categories:[] StorageVersionHash:}
2025/07/27 11:34:45 API resource: {Name:services SingularName:service Namespaced:true Group: Version: Kind:Service Verbs:[create delete deletecollection get list patch update watch] ShortNames:[svc] Categories:[all] StorageVersionHash:}
2025/07/27 11:34:45 API resource: {Name:services/proxy SingularName:service Namespaced:true Group: Version: Kind:ServiceProxyOptions Verbs:[create delete get patch update] ShortNames:[] Categories:[] StorageVersionHash:}
2025/07/27 11:34:45 API resource: {Name:services/status SingularName:service Namespaced:true Group: Version: Kind:Service Verbs:[get patch update] ShortNames:[] Categories:[] StorageVersionHash:}
2025/07/27 11:34:45 API resource: {Name:runtimeclasses SingularName:runtimeclass Namespaced:false Group: Version: Kind:RuntimeClass Verbs:[create delete deletecollection get list patch update watch] ShortNames:[] Categories:[] StorageVersionHash:}
2025/07/27 11:34:45 API resource: {Name:apiservices SingularName:apiservice Namespaced:false Group: Version: Kind:APIService Verbs:[create delete deletecollection get list patch update watch] ShortNames:[] Categories:[api-extensions] StorageVersionHash:}
2025/07/27 11:34:45 API resource: {Name:apiservices/status SingularName:apiservice Namespaced:false Group: Version: Kind:APIService Verbs:[get patch update] ShortNames:[] Categories:[] StorageVersionHash:}
2025/07/27 11:34:45 API resource: {Name:localsubjectaccessreviews SingularName:localsubjectaccessreview Namespaced:true Group: Version: Kind:LocalSubjectAccessReview Verbs:[create] ShortNames:[] Categories:[] StorageVersionHash:}
2025/07/27 11:34:45 API resource: {Name:selfsubjectaccessreviews SingularName:selfsubjectaccessreview Namespaced:false Group: Version: Kind:SelfSubjectAccessReview Verbs:[create] ShortNames:[] Categories:[] StorageVersionHash:}
2025/07/27 11:34:45 API resource: {Name:selfsubjectrulesreviews SingularName:selfsubjectrulesreview Namespaced:false Group: Version: Kind:SelfSubjectRulesReview Verbs:[create] ShortNames:[] Categories:[] StorageVersionHash:}
2025/07/27 11:34:45 API resource: {Name:subjectaccessreviews SingularName:subjectaccessreview Namespaced:false Group: Version: Kind:SubjectAccessReview Verbs:[create] ShortNames:[] Categories:[] StorageVersionHash:}
2025/07/27 11:34:45 API resource: {Name:certificatesigningrequests SingularName:certificatesigningrequest Namespaced:false Group: Version: Kind:CertificateSigningRequest Verbs:[create delete deletecollection get list patch update watch] ShortNames:[csr] Categories:[] StorageVersionHash:}
2025/07/27 11:34:45 API resource: {Name:certificatesigningrequests/approval SingularName:certificatesigningrequest Namespaced:false Group: Version: Kind:CertificateSigningRequest Verbs:[get patch update] ShortNames:[] Categories:[] StorageVersionHash:}
2025/07/27 11:34:45 API resource: {Name:certificatesigningrequests/status SingularName:certificatesigningrequest Namespaced:false Group: Version: Kind:CertificateSigningRequest Verbs:[get patch update] ShortNames:[] Categories:[] StorageVersionHash:}
2025/07/27 11:34:45 API resource: {Name:csidrivers SingularName:csidriver Namespaced:false Group: Version: Kind:CSIDriver Verbs:[create delete deletecollection get list patch update watch] ShortNames:[] Categories:[] StorageVersionHash:}
2025/07/27 11:34:45 API resource: {Name:csinodes SingularName:csinode Namespaced:false Group: Version: Kind:CSINode Verbs:[create delete deletecollection get list patch update watch] ShortNames:[] Categories:[] StorageVersionHash:}
2025/07/27 11:34:45 API resource: {Name:csistoragecapacities SingularName:csistoragecapacity Namespaced:true Group: Version: Kind:CSIStorageCapacity Verbs:[create delete deletecollection get list patch update watch] ShortNames:[] Categories:[] StorageVersionHash:}
2025/07/27 11:34:45 API resource: {Name:storageclasses SingularName:storageclass Namespaced:false Group: Version: Kind:StorageClass Verbs:[create delete deletecollection get list patch update watch] ShortNames:[sc] Categories:[] StorageVersionHash:}
2025/07/27 11:34:45 API resource: {Name:volumeattachments SingularName:volumeattachment Namespaced:false Group: Version: Kind:VolumeAttachment Verbs:[create delete deletecollection get list patch update watch] ShortNames:[] Categories:[] StorageVersionHash:}
2025/07/27 11:34:45 API resource: {Name:volumeattachments/status SingularName:volumeattachment Namespaced:false Group: Version: Kind:VolumeAttachment Verbs:[get patch update] ShortNames:[] Categories:[] StorageVersionHash:}
2025/07/27 11:34:45 API resource: {Name:flowschemas SingularName:flowschema Namespaced:false Group: Version: Kind:FlowSchema Verbs:[create delete deletecollection get list patch update watch] ShortNames:[] Categories:[] StorageVersionHash:}
2025/07/27 11:34:45 API resource: {Name:flowschemas/status SingularName:flowschema Namespaced:false Group: Version: Kind:FlowSchema Verbs:[get patch update] ShortNames:[] Categories:[] StorageVersionHash:}
2025/07/27 11:34:45 API resource: {Name:prioritylevelconfigurations SingularName:prioritylevelconfiguration Namespaced:false Group: Version: Kind:PriorityLevelConfiguration Verbs:[create delete deletecollection get list patch update watch] ShortNames:[] Categories:[] StorageVersionHash:}
2025/07/27 11:34:45 API resource: {Name:prioritylevelconfigurations/status SingularName:prioritylevelconfiguration Namespaced:false Group: Version: Kind:PriorityLevelConfiguration Verbs:[get patch update] ShortNames:[] Categories:[] StorageVersionHash:}
2025/07/27 11:34:45 API resource: {Name:horizontalpodautoscalers SingularName:horizontalpodautoscaler Namespaced:true Group: Version: Kind:HorizontalPodAutoscaler Verbs:[create delete deletecollection get list patch update watch] ShortNames:[hpa] Categories:[all] StorageVersionHash:}
2025/07/27 11:34:45 API resource: {Name:horizontalpodautoscalers/status SingularName:horizontalpodautoscaler Namespaced:true Group: Version: Kind:HorizontalPodAutoscaler Verbs:[get patch update] ShortNames:[] Categories:[] StorageVersionHash:}
2025/07/27 11:34:45 API resource: {Name:apiservers SingularName:apiserver Namespaced:false Group:operator.tigera.io Version:v1 Kind:APIServer Verbs:[delete deletecollection get list patch create update watch] ShortNames:[] Categories:[] StorageVersionHash:}
2025/07/27 11:34:45 API resource: {Name:apiservers/status SingularName:apiserver Namespaced:false Group:operator.tigera.io Version:v1 Kind:APIServer Verbs:[get patch update] ShortNames:[] Categories:[] StorageVersionHash:}
2025/07/27 11:34:45 API resource: {Name:imagesets SingularName:imageset Namespaced:false Group:operator.tigera.io Version:v1 Kind:ImageSet Verbs:[delete deletecollection get list patch create update watch] ShortNames:[] Categories:[] StorageVersionHash:}
2025/07/27 11:34:45 API resource: {Name:imagesets/status SingularName:imageset Namespaced:false Group:operator.tigera.io Version:v1 Kind:ImageSet Verbs:[get patch update] ShortNames:[] Categories:[] StorageVersionHash:}
2025/07/27 11:34:45 API resource: {Name:installations SingularName:installation Namespaced:false Group:operator.tigera.io Version:v1 Kind:Installation Verbs:[delete deletecollection get list patch create update watch] ShortNames:[] Categories:[] StorageVersionHash:}
2025/07/27 11:34:45 API resource: {Name:installations/status SingularName:installation Namespaced:false Group:operator.tigera.io Version:v1 Kind:Installation Verbs:[get patch update] ShortNames:[] Categories:[] StorageVersionHash:}
2025/07/27 11:34:45 API resource: {Name:tigerastatuses SingularName:tigerastatus Namespaced:false Group:operator.tigera.io Version:v1 Kind:TigeraStatus Verbs:[delete deletecollection get list patch create update watch] ShortNames:[] Categories:[] StorageVersionHash:}
2025/07/27 11:34:45 API resource: {Name:tigerastatuses/status SingularName:tigerastatus Namespaced:false Group:operator.tigera.io Version:v1 Kind:TigeraStatus Verbs:[get patch update] ShortNames:[] Categories:[] StorageVersionHash:}
2025/07/27 11:34:45 API resource: {Name:poddisruptionbudgets SingularName:poddisruptionbudget Namespaced:true Group: Version: Kind:PodDisruptionBudget Verbs:[create delete deletecollection get list patch update watch] ShortNames:[pdb] Categories:[] StorageVersionHash:}
2025/07/27 11:34:45 API resource: {Name:poddisruptionbudgets/status SingularName:poddisruptionbudget Namespaced:true Group: Version: Kind:PodDisruptionBudget Verbs:[get patch update] ShortNames:[] Categories:[] StorageVersionHash:}
